2020-10-18 00:00:01 GMT
tc-cast-client is running
     ... but without license, host_key_3 = 0000-b42e-9987-9f73
Try to fix it by restarting tc-cast-client
2020-10-18 00:30:01 GMT
tc-cast-client is running
     ... but without license, host_key_3 = 0000-b42e-9987-9f73
Try to fix it by restarting tc-cast-client
2020-10-18 01:00:01 GMT
tc-cast-client is running
     ... but without license, host_key_3 = 0000-b42e-9987-9f73
Try to fix it by restarting tc-cast-client
2020-10-18 01:30:01 GMT
tc-cast-client is running
     ... but without license, host_key_3 = 0000-b42e-9987-9f73
Try to fix it by restarting tc-cast-client
2020-10-18 02:00:01 GMT
tc-cast-client is running
     ... but without license, host_key_3 = 0000-b42e-9987-9f73
Try to fix it by restarting tc-cast-client
2020-10-18 02:30:01 GMT
tc-cast-client is running
     ... but without license, host_key_3 = 0000-b42e-9987-9f73
Try to fix it by restarting tc-cast-client
2020-10-18 03:00:01 GMT
tc-cast-client is running
     ... but without license, host_key_3 = 0000-b42e-9987-9f73
Try to fix it by restarting tc-cast-client
2020-10-18 03:30:01 GMT
tc-cast-client is running
     ... but without license, host_key_3 = 0000-b42e-9987-9f73
Try to fix it by restarting tc-cast-client
2020-10-18 04:00:01 GMT
tc-cast-client is running
     ... but without license, host_key_3 = 0000-b42e-9987-9f73
Try to fix it by restarting tc-cast-client
2020-10-18 04:30:01 GMT
tc-cast-client is running
     ... but without license, host_key_3 = 0000-b42e-9987-9f73
Try to fix it by restarting tc-cast-client
2020-10-18 05:00:01 GMT
tc-cast-client is running
     ... but without license, host_key_3 = 0000-b42e-9987-9f73
Try to fix it by restarting tc-cast-client
2020-10-18 05:30:01 GMT
tc-cast-client is running
     ... but without license, host_key_3 = 0000-b42e-9987-9f73
Try to fix it by restarting tc-cast-client
2020-10-18 06:00:01 GMT
tc-cast-client is running
     ... but without license, host_key_3 = 0000-b42e-9987-9f73
Try to fix it by restarting tc-cast-client
2020-10-18 06:30:01 GMT
tc-cast-client is running
     ... but without license, host_key_3 = 0000-b42e-9987-9f73
Try to fix it by restarting tc-cast-client
2020-10-18 07:00:01 GMT
tc-cast-client is running
     ... but without license, host_key_3 = 0000-b42e-9987-9f73
Try to fix it by restarting tc-cast-client
2020-10-18 07:30:01 GMT
tc-cast-client is running
     ... but without license, host_key_3 = 0000-b42e-9987-9f73
Try to fix it by restarting tc-cast-client
2020-10-18 08:00:01 GMT
tc-cast-client is running
     ... but without license, host_key_3 = 0000-b42e-9987-9f73
Try to fix it by restarting tc-cast-client
2020-10-18 08:30:01 GMT
tc-cast-client is running
     ... but without license, host_key_3 = 0000-b42e-9987-9f73
Try to fix it by restarting tc-cast-client
2020-10-18 09:00:01 GMT
tc-cast-client is running
     ... but without license, host_key_3 = 0000-b42e-9987-9f73
Try to fix it by restarting tc-cast-client
2020-10-18 09:30:01 GMT
tc-cast-client is running
     ... but without license, host_key_3 = 0000-b42e-9987-9f73
Try to fix it by restarting tc-cast-client
2020-10-18 10:00:01 GMT
tc-cast-client is running
     ... but without license, host_key_3 = 0000-b42e-9987-9f73
Try to fix it by restarting tc-cast-client
2020-10-18 10:30:01 GMT
tc-cast-client is running
     ... but without license, host_key_3 = 0000-b42e-9987-9f73
Try to fix it by restarting tc-cast-client
2020-10-18 11:00:01 GMT
tc-cast-client is running
     ... but without license, host_key_3 = 0000-b42e-9987-9f73
Try to fix it by restarting tc-cast-client
2020-10-18 11:30:01 GMT
tc-cast-client is running
     ... but without license, host_key_3 = 0000-b42e-9987-9f73
Try to fix it by restarting tc-cast-client
2020-10-18 12:00:01 GMT
tc-cast-client is running
     ... but without license, host_key_3 = 0000-b42e-9987-9f73
Try to fix it by restarting tc-cast-client
2020-10-18 12:30:01 GMT
tc-cast-client is running
     ... but without license, host_key_3 = 0000-b42e-9987-9f73
Try to fix it by restarting tc-cast-client
2020-10-18 13:00:01 GMT
tc-cast-client is running
     ... but without license, host_key_3 = 0000-b42e-9987-9f73
Try to fix it by restarting tc-cast-client
2020-10-18 13:30:01 GMT
tc-cast-client is running
     ... but without license, host_key_3 = 0000-b42e-9987-9f73
Try to fix it by restarting tc-cast-client
2020-10-18 14:00:01 GMT
tc-cast-client is running
     ... but without license, host_key_3 = 0000-b42e-9987-9f73
Try to fix it by restarting tc-cast-client
2020-10-18 14:30:01 GMT
tc-cast-client is running
     ... but without license, host_key_3 = 0000-b42e-9987-9f73
Try to fix it by restarting tc-cast-client
2020-10-18 15:00:01 GMT
tc-cast-client is running
     ... but without license, host_key_3 = 0000-b42e-9987-9f73
Try to fix it by restarting tc-cast-client
2020-10-18 15:30:01 GMT
tc-cast-client is running
     ... but without license, host_key_3 = 0000-b42e-9987-9f73
Try to fix it by restarting tc-cast-client
2020-10-18 16:00:01 GMT
tc-cast-client is running
     ... but without license, host_key_3 = 0000-b42e-9987-9f73
Try to fix it by restarting tc-cast-client
2020-10-18 16:30:01 GMT
tc-cast-client is running
     ... but without license, host_key_3 = 0000-b42e-9987-9f73
Try to fix it by restarting tc-cast-client
2020-10-18 17:00:01 GMT
tc-cast-client is running
     ... but without license, host_key_3 = 0000-b42e-9987-9f73
Try to fix it by restarting tc-cast-client
2020-10-18 17:30:01 GMT
tc-cast-client is running
     ... but without license, host_key_3 = 0000-b42e-9987-9f73
Try to fix it by restarting tc-cast-client
2020-10-18 18:00:01 GMT
tc-cast-client is running
     ... but without license, host_key_3 = 0000-b42e-9987-9f73
Try to fix it by restarting tc-cast-client
2020-10-18 18:30:01 GMT
tc-cast-client is running
     ... but without license, host_key_3 = 0000-b42e-9987-9f73
Try to fix it by restarting tc-cast-client
2020-10-18 19:00:01 GMT
tc-cast-client is running
     ... but without license, host_key_3 = 0000-b42e-9987-9f73
Try to fix it by restarting tc-cast-client
2020-10-18 20:00:01 GMT
tc-cast-client is running
 with:  host_key_4 = ****-****-****-**** (Aladdin EToken PRO)
2020-10-18 20:30:01 GMT
tc-cast-client is running
 with:  host_key_4 = ****-****-****-**** (Aladdin EToken PRO)
2020-10-18 21:00:01 GMT
tc-cast-client is running
 with:  host_key_4 = ****-****-****-**** (Aladdin EToken PRO)
2020-10-18 21:30:01 GMT
tc-cast-client is running
 with:  host_key_4 = ****-****-****-**** (Aladdin EToken PRO)
2020-10-18 22:00:01 GMT
tc-cast-client is running
 with:  host_key_4 = ****-****-****-**** (Aladdin EToken PRO)
2020-10-18 22:30:01 GMT
tc-cast-client is running
 with:  host_key_4 = ****-****-****-**** (Aladdin EToken PRO)
2020-10-18 23:00:01 GMT
tc-cast-client is running
 with:  host_key_4 = ****-****-****-**** (Aladdin EToken PRO)
2020-10-18 23:30:01 GMT
tc-cast-client is running
 with:  host_key_4 = ****-****-****-**** (Aladdin EToken PRO)
2020-10-19 00:00:01 GMT
tc-cast-client is running
 with:  host_key_4 = ****-****-****-**** (Aladdin EToken PRO)
2020-10-19 00:30:01 GMT
tc-cast-client is running
 with:  host_key_4 = ****-****-****-**** (Aladdin EToken PRO)
2020-10-19 01:00:01 GMT
tc-cast-client is running
 with:  host_key_4 = ****-****-****-**** (Aladdin EToken PRO)
2020-10-19 01:30:01 GMT
tc-cast-client is running
 with:  host_key_4 = ****-****-****-**** (Aladdin EToken PRO)
2020-10-19 02:00:01 GMT
tc-cast-client is running
 with:  host_key_4 = ****-****-****-**** (Aladdin EToken PRO)
2020-10-19 02:30:01 GMT
tc-cast-client is running
 with:  host_key_4 = ****-****-****-**** (Aladdin EToken PRO)
2020-10-19 03:00:01 GMT
tc-cast-client is running
 with:  host_key_4 = ****-****-****-**** (Aladdin EToken PRO)
2020-10-19 03:30:01 GMT
tc-cast-client is running
 with:  host_key_4 = ****-****-****-**** (Aladdin EToken PRO)
2020-10-19 04:00:01 GMT
tc-cast-client is running
 with:  host_key_4 = ****-****-****-**** (Aladdin EToken PRO)
2020-10-19 04:30:01 GMT
tc-cast-client is running
     ... but without license, host_key_3 = 0000-b42e-9987-9f73
Try to fix it by restarting tc-cast-client
2020-10-19 05:00:01 GMT
tc-cast-client is running
 with:  host_key_4 = ****-****-****-**** (Aladdin EToken PRO)
2020-10-19 05:30:01 GMT
tc-cast-client is running
 with:  host_key_4 = ****-****-****-**** (Aladdin EToken PRO)
2020-10-19 06:00:02 GMT
tc-cast-client is running
     ... but without license, host_key_3 = 0000-b42e-9987-9f73
Try to fix it by restarting tc-cast-client
Ok, Fixed it:  host_key_4 = ****-****-****-**** (Aladdin EToken PRO)
2020-10-19 06:30:01 GMT
tc-cast-client is running
 with:  host_key_4 = ****-****-****-**** (Aladdin EToken PRO)
2020-10-19 07:00:01 GMT
tc-cast-client is running
     ... but without license, host_key_3 = 0000-b42e-9987-9f73
Try to fix it by restarting tc-cast-client
Ok, Fixed it:  host_key_4 = ****-****-****-**** (Aladdin EToken PRO)
2020-10-19 07:30:01 GMT
tc-cast-client is running
     ... but without license, host_key_3 = 0000-b42e-9987-9f73
Try to fix it by restarting tc-cast-client
Ok, Fixed it:  host_key_4 = ****-****-****-**** (Aladdin EToken PRO)
2020-10-19 08:00:01 GMT
tc-cast-client is running
     ... but without license, host_key_3 = 0000-b42e-9987-9f73
Try to fix it by restarting tc-cast-client
Ok, Fixed it:  host_key_4 = ****-****-****-**** (Aladdin EToken PRO)
2020-10-19 08:30:01 GMT
tc-cast-client is running
     ... but without license, host_key_3 = 0000-b42e-9987-9f73
Try to fix it by restarting tc-cast-client
Ok, Fixed it:  host_key_4 = ****-****-****-**** (Aladdin EToken PRO)
2020-10-19 09:00:01 GMT
tc-cast-client is running
 with:  host_key_4 = ****-****-****-**** (Aladdin EToken PRO)
2020-10-19 09:30:01 GMT
tc-cast-client is running
     ... but without license, host_key_3 = 0000-b42e-9987-9f73
Try to fix it by restarting tc-cast-client
2020-10-19 10:00:01 GMT
tc-cast-client is running
     ... but without license, host_key_3 = 0000-b42e-9987-9f73
Try to fix it by restarting tc-cast-client
2020-10-19 10:30:01 GMT
tc-cast-client is running
     ... but without license, host_key_3 = 0000-b42e-9987-9f73
Try to fix it by restarting tc-cast-client
2020-10-19 11:00:01 GMT
tc-cast-client is running
     ... but without license, host_key_3 = 0000-b42e-9987-9f73
Try to fix it by restarting tc-cast-client
2020-10-19 11:30:01 GMT
tc-cast-client is running
 with:  host_key_4 = ****-****-****-**** (Aladdin EToken PRO)
2020-10-19 12:00:01 GMT
tc-cast-client is running
     ... but without license, host_key_3 = 0000-b42e-9987-9f73
Try to fix it by restarting tc-cast-client
Ok, Fixed it:  host_key_4 = ****-****-****-**** (Aladdin EToken PRO)
2020-10-19 12:30:01 GMT
tc-cast-client is running
 with:  host_key_4 = ****-****-****-**** (Aladdin EToken PRO)
2020-10-19 13:00:01 GMT
tc-cast-client is running
     ... but without license, host_key_3 = 0000-b42e-9987-9f73
Try to fix it by restarting tc-cast-client
Ok, Fixed it:  host_key_4 = ****-****-****-**** (Aladdin EToken PRO)
2020-10-19 13:30:01 GMT
tc-cast-client is running
     ... but without license, host_key_3 = 0000-b42e-9987-9f73
Try to fix it by restarting tc-cast-client
2020-10-19 14:00:01 GMT
tc-cast-client is running
     ... but without license, host_key_3 = 0000-b42e-9987-9f73
Try to fix it by restarting tc-cast-client
2020-10-19 14:30:01 GMT
tc-cast-client is running
     ... but without license, host_key_3 = 0000-b42e-9987-9f73
Try to fix it by restarting tc-cast-client
2020-10-19 15:00:01 GMT
tc-cast-client is running
     ... but without license, host_key_3 = 0000-b42e-9987-9f73
Try to fix it by restarting tc-cast-client
2020-10-19 15:30:01 GMT
tc-cast-client is running
     ... but without license, host_key_3 = 0000-b42e-9987-9f73
Try to fix it by restarting tc-cast-client
2020-10-19 16:00:01 GMT
tc-cast-client is running
     ... but without license, host_key_3 = 0000-b42e-9987-9f73
Try to fix it by restarting tc-cast-client
2020-10-19 16:30:01 GMT
tc-cast-client is running
     ... but without license, host_key_3 = 0000-b42e-9987-9f73
Try to fix it by restarting tc-cast-client
2020-10-19 17:00:01 GMT
tc-cast-client is running
     ... but without license, host_key_3 = 0000-b42e-9987-9f73
Try to fix it by restarting tc-cast-client
2020-10-19 17:30:01 GMT
tc-cast-client is running
     ... but without license, host_key_3 = 0000-b42e-9987-9f73
Try to fix it by restarting tc-cast-client
2020-10-19 18:00:01 GMT
tc-cast-client is running
     ... but without license, host_key_3 = 0000-b42e-9987-9f73
Try to fix it by restarting tc-cast-client
2020-10-19 18:30:01 GMT
tc-cast-client is running
     ... but without license, host_key_3 = 0000-b42e-9987-9f73
Try to fix it by restarting tc-cast-client
2020-10-19 19:00:01 GMT
tc-cast-client is running
     ... but without license, host_key_3 = 0000-b42e-9987-9f73
Try to fix it by restarting tc-cast-client
2020-10-19 19:30:01 GMT
tc-cast-client is running
     ... but without license, host_key_3 = 0000-b42e-9987-9f73
Try to fix it by restarting tc-cast-client
2020-10-19 20:00:01 GMT
tc-cast-client is running
     ... but without license, host_key_3 = 0000-b42e-9987-9f73
Try to fix it by restarting tc-cast-client
2020-10-19 20:30:01 GMT
tc-cast-client is running
     ... but without license, host_key_3 = 0000-b42e-9987-9f73
Try to fix it by restarting tc-cast-client
2020-10-19 21:00:01 GMT
tc-cast-client is running
     ... but without license, host_key_3 = 0000-b42e-9987-9f73
Try to fix it by restarting tc-cast-client
2020-10-19 21:30:01 GMT
tc-cast-client is running
     ... but without license, host_key_3 = 0000-b42e-9987-9f73
Try to fix it by restarting tc-cast-client
2020-10-19 22:00:01 GMT
tc-cast-client is running
     ... but without license, host_key_3 = 0000-b42e-9987-9f73
Try to fix it by restarting tc-cast-client
2020-10-19 22:30:01 GMT
tc-cast-client is running
     ... but without license, host_key_3 = 0000-b42e-9987-9f73
Try to fix it by restarting tc-cast-client
2020-10-19 23:00:01 GMT
tc-cast-client is running
     ... but without license, host_key_3 = 0000-b42e-9987-9f73
Try to fix it by restarting tc-cast-client
2020-10-19 23:30:01 GMT
tc-cast-client is running
     ... but without license, host_key_3 = 0000-b42e-9987-9f73
Try to fix it by restarting tc-cast-client
2020-10-20 00:00:01 GMT
tc-cast-client is running
     ... but without license, host_key_3 = 0000-b42e-9987-9f73
Try to fix it by restarting tc-cast-client
2020-10-20 00:30:01 GMT
tc-cast-client is running
     ... but without license, host_key_3 = 0000-b42e-9987-9f73
Try to fix it by restarting tc-cast-client
2020-10-20 01:00:01 GMT
tc-cast-client is running
     ... but without license, host_key_3 = 0000-b42e-9987-9f73
Try to fix it by restarting tc-cast-client
2020-10-20 01:30:01 GMT
tc-cast-client is running
     ... but without license, host_key_3 = 0000-b42e-9987-9f73
Try to fix it by restarting tc-cast-client
2020-10-20 02:00:01 GMT
tc-cast-client is running
     ... but without license, host_key_3 = 0000-b42e-9987-9f73
Try to fix it by restarting tc-cast-client
2020-10-20 02:30:01 GMT
tc-cast-client is running
     ... but without license, host_key_3 = 0000-b42e-9987-9f73
Try to fix it by restarting tc-cast-client
2020-10-20 03:00:01 GMT
tc-cast-client is running
     ... but without license, host_key_3 = 0000-b42e-9987-9f73
Try to fix it by restarting tc-cast-client
2020-10-20 03:30:01 GMT
tc-cast-client is running
     ... but without license, host_key_3 = 0000-b42e-9987-9f73
Try to fix it by restarting tc-cast-client
2020-10-20 04:00:01 GMT
tc-cast-client is running
 with:  host_key_4 = ****-****-****-**** (Aladdin EToken PRO)
2020-10-20 04:30:01 GMT
tc-cast-client is running
 with:  host_key_4 = ****-****-****-**** (Aladdin EToken PRO)
2020-10-20 05:00:01 GMT
tc-cast-client is running
 with:  host_key_4 = ****-****-****-**** (Aladdin EToken PRO)
2020-10-20 05:30:01 GMT
tc-cast-client is running
 with:  host_key_4 = ****-****-****-**** (Aladdin EToken PRO)
2020-10-20 06:00:01 GMT
tc-cast-client is running
 with:  host_key_4 = ****-****-****-**** (Aladdin EToken PRO)
2020-10-20 06:30:01 GMT
tc-cast-client is running
 with:  host_key_4 = ****-****-****-**** (Aladdin EToken PRO)
2020-10-20 07:00:01 GMT
tc-cast-client is running
     ... but without license, host_key_3 = 0000-b42e-9987-9f73
Try to fix it by restarting tc-cast-client
Ok, Fixed it:  host_key_4 = ****-****-****-**** (Aladdin EToken PRO)
2020-10-20 07:30:02 GMT
tc-cast-client is running
 with:  host_key_4 = ****-****-****-**** (Aladdin EToken PRO)
2020-10-20 08:00:01 GMT
tc-cast-client is running
     ... but without license, host_key_3 = 0000-b42e-9987-9f73
Try to fix it by restarting tc-cast-client
Ok, Fixed it:  host_key_4 = ****-****-****-**** (Aladdin EToken PRO)
2020-10-20 08:30:01 GMT
tc-cast-client is running
 with:  host_key_4 = ****-****-****-**** (Aladdin EToken PRO)
2020-10-20 09:00:01 GMT
tc-cast-client is running
     ... but without license, host_key_3 = 0000-b42e-9987-9f73
Try to fix it by restarting tc-cast-client
Ok, Fixed it:  host_key_4 = ****-****-****-**** (Aladdin EToken PRO)
2020-10-20 09:30:01 GMT
tc-cast-client is running
 with:  host_key_4 = ****-****-****-**** (Aladdin EToken PRO)
2020-10-20 10:30:01 GMT
tc-cast-client is running
 with:  host_key_4 = ****-****-****-**** (Aladdin EToken PRO)
2020-10-20 11:00:01 GMT
tc-cast-client is running
 with:  host_key_4 = ****-****-****-**** (Aladdin EToken PRO)
2020-10-20 11:30:01 GMT
tc-cast-client is running
     ... but without license, host_key_3 = 0000-b42e-9987-9f73
Try to fix it by restarting tc-cast-client
2020-10-20 12:00:01 GMT
tc-cast-client is running
 with:  host_key_4 = ****-****-****-**** (Aladdin EToken PRO)
2020-10-20 12:30:01 GMT
tc-cast-client is running
 with:  host_key_4 = ****-****-****-**** (Aladdin EToken PRO)
2020-10-20 13:00:01 GMT
tc-cast-client is running
     ... but without license, host_key_3 = 0000-b42e-9987-9f73
Try to fix it by restarting tc-cast-client
Ok, Fixed it:  host_key_4 = ****-****-****-**** (Aladdin EToken PRO)
2020-10-20 13:30:01 GMT
tc-cast-client is running
 with:  host_key_4 = ****-****-****-**** (Aladdin EToken PRO)
2020-10-20 14:00:01 GMT
tc-cast-client is running
 with:  host_key_4 = ****-****-****-**** (Aladdin EToken PRO)
2020-10-20 14:30:01 GMT
tc-cast-client is running
     ... but without license, host_key_3 = 0000-b42e-9987-9f73
Try to fix it by restarting tc-cast-client
Ok, Fixed it:  host_key_4 = ****-****-****-**** (Aladdin EToken PRO)
2020-10-20 15:00:01 GMT
tc-cast-client is running
 with:  host_key_4 = ****-****-****-**** (Aladdin EToken PRO)
2020-10-20 15:30:02 GMT
tc-cast-client is running
 with:  host_key_4 = ****-****-****-**** (Aladdin EToken PRO)
2020-10-20 16:00:02 GMT
tc-cast-client is running
 with:  host_key_4 = ****-****-****-**** (Aladdin EToken PRO)
2020-10-20 16:07:01 GMT
tc-cast-client is running
     ... but without license, host_key_3 = 0000-b42e-9987-9f73
Try to fix it by restarting tc-cast-client
Nada :( ...Send email to report it
2020-10-20 18:00:01 GMT
tc-cast-client is running
     ... but without license, host_key_3 = 0000-b42e-9987-9f73
Try to fix it by restarting tc-cast-client
Ok, Fixed it:  host_key_4 = ****-****-****-**** (Aladdin EToken PRO)
2020-10-20 18:30:01 GMT
tc-cast-client is running
 with:  host_key_4 = ****-****-****-**** (Aladdin EToken PRO)
2020-10-20 19:00:01 GMT
tc-cast-client is running
 with:  host_key_4 = ****-****-****-**** (Aladdin EToken PRO)
2020-10-20 19:30:02 GMT
tc-cast-client is running
 with:  host_key_4 = ****-****-****-**** (Aladdin EToken PRO)
2020-10-20 20:00:01 GMT
tc-cast-client is running
 with:  host_key_4 = ****-****-****-**** (Aladdin EToken PRO)
2020-10-20 20:30:01 GMT
tc-cast-client is running
 with:  host_key_4 = ****-****-****-**** (Aladdin EToken PRO)
2020-10-20 21:00:01 GMT
tc-cast-client is running
 with:  host_key_4 = ****-****-****-**** (Aladdin EToken PRO)
2020-10-20 21:30:01 GMT
tc-cast-client is running
 with:  host_key_4 = ****-****-****-**** (Aladdin EToken PRO)
2020-10-20 22:00:01 GMT
tc-cast-client is running
 with:  host_key_4 = ****-****-****-**** (Aladdin EToken PRO)
2020-10-20 22:30:01 GMT
tc-cast-client is running
 with:  host_key_4 = ****-****-****-**** (Aladdin EToken PRO)
2020-10-20 23:00:01 GMT
tc-cast-client is running
 with:  host_key_4 = ****-****-****-**** (Aladdin EToken PRO)
2020-10-20 23:30:01 GMT
tc-cast-client is running
     ... but without license, host_key_3 = 0000-b42e-9987-9f73
Try to fix it by restarting tc-cast-client
Ok, Fixed it:  host_key_4 = ****-****-****-**** (Aladdin EToken PRO)
2020-10-21 00:00:01 GMT
tc-cast-client is running
 with:  host_key_4 = ****-****-****-**** (Aladdin EToken PRO)
2020-10-21 00:30:02 GMT
tc-cast-client is running
 with:  host_key_4 = ****-****-****-**** (Aladdin EToken PRO)
2020-10-21 01:00:01 GMT
tc-cast-client is running
 with:  host_key_4 = ****-****-****-**** (Aladdin EToken PRO)
2020-10-21 01:30:01 GMT
tc-cast-client is running
 with:  host_key_4 = ****-****-****-**** (Aladdin EToken PRO)
2020-10-21 02:00:01 GMT
tc-cast-client is running
 with:  host_key_4 = ****-****-****-**** (Aladdin EToken PRO)
2020-10-21 02:30:01 GMT
tc-cast-client is running
 with:  host_key_4 = ****-****-****-**** (Aladdin EToken PRO)
2020-10-21 03:00:01 GMT
tc-cast-client is running
 with:  host_key_4 = ****-****-****-**** (Aladdin EToken PRO)
2020-10-21 03:30:01 GMT
tc-cast-client is running
     ... but without license, host_key_3 = 0000-b42e-9987-9f73
Try to fix it by restarting tc-cast-client
Ok, Fixed it:  host_key_4 = ****-****-****-**** (Aladdin EToken PRO)
2020-10-21 04:00:01 GMT
tc-cast-client is running
 with:  host_key_4 = ****-****-****-**** (Aladdin EToken PRO)
2020-10-21 04:30:01 GMT
tc-cast-client is running
 with:  host_key_4 = ****-****-****-**** (Aladdin EToken PRO)
2020-10-21 05:00:01 GMT
tc-cast-client is running
 with:  host_key_4 = ****-****-****-**** (Aladdin EToken PRO)
2020-10-21 05:30:01 GMT
tc-cast-client is running
 with:  host_key_4 = ****-****-****-**** (Aladdin EToken PRO)
2020-10-21 06:00:01 GMT
tc-cast-client is running
 with:  host_key_4 = ****-****-****-**** (Aladdin EToken PRO)
2020-10-21 06:30:01 GMT
tc-cast-client is running
 with:  host_key_4 = ****-****-****-**** (Aladdin EToken PRO)
2020-10-21 07:00:01 GMT
tc-cast-client is running
     ... but without license, host_key_3 = 0000-b42e-9987-9f73
Try to fix it by restarting tc-cast-client
2020-10-21 07:30:01 GMT
tc-cast-client is running
     ... but without license, host_key_3 = 0000-b42e-9987-9f73
Try to fix it by restarting tc-cast-client
2020-10-21 08:00:01 GMT
tc-cast-client is running
 with:  host_key_4 = ****-****-****-**** (Aladdin EToken PRO)
2020-10-21 08:30:01 GMT
tc-cast-client is running
 with:  host_key_4 = ****-****-****-**** (Aladdin EToken PRO)
2020-10-21 09:00:01 GMT
tc-cast-client is running
 with:  host_key_4 = ****-****-****-**** (Aladdin EToken PRO)
2020-10-21 09:30:01 GMT
tc-cast-client is running
 with:  host_key_4 = ****-****-****-**** (Aladdin EToken PRO)
2020-10-21 10:00:01 GMT
tc-cast-client is running
 with:  host_key_4 = ****-****-****-**** (Aladdin EToken PRO)
2020-10-21 10:30:01 GMT
tc-cast-client is running
 with:  host_key_4 = ****-****-****-**** (Aladdin EToken PRO)
2020-10-21 11:00:01 GMT
tc-cast-client is running
 with:  host_key_4 = ****-****-****-**** (Aladdin EToken PRO)
2020-10-21 11:30:01 GMT
tc-cast-client is running
 with:  host_key_4 = ****-****-****-**** (Aladdin EToken PRO)
2020-10-21 12:00:01 GMT
tc-cast-client is running
     ... but without license, host_key_3 = 0000-b42e-9987-9f73
Try to fix it by restarting tc-cast-client
Ok, Fixed it:  host_key_4 = ****-****-****-**** (Aladdin EToken PRO)
2020-10-21 12:30:01 GMT
tc-cast-client is running
 with:  host_key_4 = ****-****-****-**** (Aladdin EToken PRO)
2020-10-21 13:00:01 GMT
tc-cast-client is running
     ... but without license, host_key_3 = 0000-b42e-9987-9f73
Try to fix it by restarting tc-cast-client
Ok, Fixed it:  host_key_4 = ****-****-****-**** (Aladdin EToken PRO)
2020-10-21 13:30:01 GMT
tc-cast-client is running
 with:  host_key_4 = ****-****-****-**** (Aladdin EToken PRO)
2020-10-21 14:00:01 GMT
tc-cast-client is running
 with:  host_key_4 = ****-****-****-**** (Aladdin EToken PRO)
2020-10-21 14:30:01 GMT
tc-cast-client is running
 with:  host_key_4 = ****-****-****-**** (Aladdin EToken PRO)
2020-10-21 15:00:01 GMT
tc-cast-client is running
 with:  host_key_4 = ****-****-****-**** (Aladdin EToken PRO)
2020-10-21 15:30:02 GMT
tc-cast-client is running
 with:  host_key_4 = ****-****-****-**** (Aladdin EToken PRO)
2020-10-21 16:00:01 GMT
tc-cast-client is running
 with:  host_key_4 = ****-****-****-**** (Aladdin EToken PRO)
2020-10-21 16:30:01 GMT
tc-cast-client is running
 with:  host_key_4 = ****-****-****-**** (Aladdin EToken PRO)
2020-10-21 17:00:01 GMT
tc-cast-client is running
 with:  host_key_4 = ****-****-****-**** (Aladdin EToken PRO)
2020-10-21 17:30:01 GMT
tc-cast-client is running
 with:  host_key_4 = ****-****-****-**** (Aladdin EToken PRO)
2020-10-21 18:00:02 GMT
tc-cast-client is running
 with:  host_key_4 = ****-****-****-**** (Aladdin EToken PRO)
2020-10-21 18:30:01 GMT
tc-cast-client is running
 with:  host_key_4 = ****-****-****-**** (Aladdin EToken PRO)
2020-10-21 19:00:01 GMT
tc-cast-client is running
 with:  host_key_4 = ****-****-****-**** (Aladdin EToken PRO)
2020-10-21 19:30:01 GMT
tc-cast-client is running
 with:  host_key_4 = ****-****-****-**** (Aladdin EToken PRO)
2020-10-21 20:00:01 GMT
tc-cast-client is running
 with:  host_key_4 = ****-****-****-**** (Aladdin EToken PRO)
2020-10-21 20:30:02 GMT
tc-cast-client is running
 with:  host_key_4 = ****-****-****-**** (Aladdin EToken PRO)
2020-10-21 21:00:01 GMT
tc-cast-client is running
 with:  host_key_4 = ****-****-****-**** (Aladdin EToken PRO)
2020-10-21 21:30:01 GMT
tc-cast-client is running
 with:  host_key_4 = ****-****-****-**** (Aladdin EToken PRO)
2020-10-21 22:00:01 GMT
tc-cast-client is running
 with:  host_key_4 = ****-****-****-**** (Aladdin EToken PRO)
2020-10-21 22:30:01 GMT
tc-cast-client is running
 with:  host_key_4 = ****-****-****-**** (Aladdin EToken PRO)
2020-10-21 23:00:01 GMT
tc-cast-client is running
 with:  host_key_4 = ****-****-****-**** (Aladdin EToken PRO)
2020-10-21 23:30:01 GMT
tc-cast-client is running
     ... but without license, host_key_3 = 0000-b42e-9987-9f73
Try to fix it by restarting tc-cast-client
Ok, Fixed it:  host_key_4 = ****-****-****-**** (Aladdin EToken PRO)
2020-10-22 00:00:01 GMT
tc-cast-client is running
 with:  host_key_4 = ****-****-****-**** (Aladdin EToken PRO)
2020-10-22 00:30:01 GMT
tc-cast-client is running
     ... but without license, host_key_3 = 0000-b42e-9987-9f73
Try to fix it by restarting tc-cast-client
Ok, Fixed it:  host_key_4 = ****-****-****-**** (Aladdin EToken PRO)
2020-10-22 01:00:01 GMT
tc-cast-client is running
 with:  host_key_4 = ****-****-****-**** (Aladdin EToken PRO)
2020-10-22 01:30:01 GMT
tc-cast-client is running
     ... but without license, host_key_3 = 0000-b42e-9987-9f73
Try to fix it by restarting tc-cast-client
Ok, Fixed it:  host_key_4 = ****-****-****-**** (Aladdin EToken PRO)
2020-10-22 02:00:01 GMT
tc-cast-client is running
 with:  host_key_4 = ****-****-****-**** (Aladdin EToken PRO)
2020-10-22 02:30:01 GMT
tc-cast-client is running
 with:  host_key_4 = ****-****-****-**** (Aladdin EToken PRO)
2020-10-22 03:00:01 GMT
tc-cast-client is running
 with:  host_key_4 = ****-****-****-**** (Aladdin EToken PRO)
2020-10-22 03:30:01 GMT
tc-cast-client is running
 with:  host_key_4 = ****-****-****-**** (Aladdin EToken PRO)
2020-10-22 04:00:01 GMT
tc-cast-client is running
 with:  host_key_4 = ****-****-****-**** (Aladdin EToken PRO)
2020-10-22 04:30:01 GMT
tc-cast-client is running
     ... but without license, host_key_3 = 0000-b42e-9987-9f73
Try to fix it by restarting tc-cast-client
Ok, Fixed it:  host_key_4 = ****-****-****-**** (Aladdin EToken PRO)
2020-10-22 05:00:01 GMT
tc-cast-client is running
 with:  host_key_4 = ****-****-****-**** (Aladdin EToken PRO)
2020-10-22 05:30:01 GMT
tc-cast-client is running
 with:  host_key_4 = ****-****-****-**** (Aladdin EToken PRO)
2020-10-22 06:00:01 GMT
tc-cast-client is running
     ... but without license, host_key_3 = 0000-b42e-9987-9f73
Try to fix it by restarting tc-cast-client
2020-10-22 06:30:01 GMT
tc-cast-client is running
     ... but without license, host_key_3 = 0000-b42e-9987-9f73
Try to fix it by restarting tc-cast-client
2020-10-22 07:00:01 GMT
tc-cast-client is running
     ... but without license, host_key_3 = 0000-b42e-9987-9f73
Try to fix it by restarting tc-cast-client
2020-10-22 07:30:01 GMT
tc-cast-client is running
     ... but without license, host_key_3 = 0000-b42e-9987-9f73
Try to fix it by restarting tc-cast-client
2020-10-22 07:51:17 GMT
tc-cast-client is running
     ... but without license, host_key_3 = 0000-b42e-9987-9f73
Try to fix it by restarting tc-cast-client
2020-10-22 07:58:04 GMT
tc-cast-client is running
     ... but without license, host_key_3 = 0000-b42e-9987-9f73
Try to fix it by restarting tc-cast-client
Nada :( ...Send email to report it
2020-10-22 08:00:01 GMT
tc-cast-client is running
2020-10-22 08:30:01 GMT
tc-cast-client is running
 with:  host_key_4 = ****-****-****-**** (Aladdin EToken PRO)
2020-10-22 09:00:01 GMT
tc-cast-client is running
 with:  host_key_4 = ****-****-****-**** (Aladdin EToken PRO)
2020-10-22 09:30:01 GMT
tc-cast-client is running
 with:  host_key_4 = ****-****-****-**** (Aladdin EToken PRO)
2020-10-22 10:00:01 GMT
tc-cast-client is running
 with:  host_key_4 = ****-****-****-**** (Aladdin EToken PRO)
2020-10-22 10:30:01 GMT
tc-cast-client is running
 with:  host_key_4 = ****-****-****-**** (Aladdin EToken PRO)
2020-10-22 11:00:01 GMT
tc-cast-client is running
 with:  host_key_4 = ****-****-****-**** (Aladdin EToken PRO)
2020-10-22 11:30:01 GMT
tc-cast-client is running
 with:  host_key_4 = ****-****-****-**** (Aladdin EToken PRO)
2020-10-22 12:00:01 GMT
tc-cast-client is running
 with:  host_key_4 = ****-****-****-**** (Aladdin EToken PRO)
2020-10-22 12:30:01 GMT
tc-cast-client is running
 with:  host_key_4 = ****-****-****-**** (Aladdin EToken PRO)
2020-10-22 13:00:01 GMT
tc-cast-client is running
 with:  host_key_4 = ****-****-****-**** (Aladdin EToken PRO)
2020-10-22 13:30:01 GMT
tc-cast-client is running
 with:  host_key_4 = ****-****-****-**** (Aladdin EToken PRO)
2020-10-22 14:00:01 GMT
tc-cast-client is running
 with:  host_key_4 = ****-****-****-**** (Aladdin EToken PRO)
2020-10-22 14:30:02 GMT
tc-cast-client is running
 with:  host_key_4 = ****-****-****-**** (Aladdin EToken PRO)
2020-10-22 15:00:01 GMT
tc-cast-client is running
 with:  host_key_4 = ****-****-****-**** (Aladdin EToken PRO)
2020-10-22 15:30:01 GMT
tc-cast-client is running
 with:  host_key_4 = ****-****-****-**** (Aladdin EToken PRO)
2020-10-22 16:00:01 GMT
tc-cast-client is running
 with:  host_key_4 = ****-****-****-**** (Aladdin EToken PRO)
2020-10-22 16:30:01 GMT
tc-cast-client is running
 with:  host_key_4 = ****-****-****-**** (Aladdin EToken PRO)
2020-10-22 17:00:01 GMT
tc-cast-client is running
 with:  host_key_4 = ****-****-****-**** (Aladdin EToken PRO)
2020-10-22 17:30:01 GMT
tc-cast-client is running
 with:  host_key_4 = ****-****-****-**** (Aladdin EToken PRO)
2020-10-22 18:00:01 GMT
tc-cast-client is running
 with:  host_key_4 = ****-****-****-**** (Aladdin EToken PRO)
2020-10-22 18:30:01 GMT
tc-cast-client is running
 with:  host_key_4 = ****-****-****-**** (Aladdin EToken PRO)
2020-10-22 19:00:01 GMT
tc-cast-client is running
 with:  host_key_4 = ****-****-****-**** (Aladdin EToken PRO)
2020-10-22 19:30:01 GMT
tc-cast-client is running
 with:  host_key_4 = ****-****-****-**** (Aladdin EToken PRO)
2020-10-22 20:00:01 GMT
tc-cast-client is running
 with:  host_key_4 = ****-****-****-**** (Aladdin EToken PRO)
2020-10-22 20:30:01 GMT
tc-cast-client is running
 with:  host_key_4 = ****-****-****-**** (Aladdin EToken PRO)
2020-10-22 21:00:01 GMT
tc-cast-client is running
 with:  host_key_4 = ****-****-****-**** (Aladdin EToken PRO)
2020-10-22 21:30:01 GMT
tc-cast-client is running
 with:  host_key_4 = ****-****-****-**** (Aladdin EToken PRO)
2020-10-22 22:00:01 GMT
tc-cast-client is running
 with:  host_key_4 = ****-****-****-**** (Aladdin EToken PRO)
2020-10-22 22:30:02 GMT
tc-cast-client is running
 with:  host_key_4 = ****-****-****-**** (Aladdin EToken PRO)
2020-10-22 23:00:01 GMT
tc-cast-client is running
 with:  host_key_4 = ****-****-****-**** (Aladdin EToken PRO)
2020-10-22 23:30:01 GMT
tc-cast-client is running
 with:  host_key_4 = ****-****-****-**** (Aladdin EToken PRO)
2020-10-23 00:00:01 GMT
tc-cast-client is running
 with:  host_key_4 = ****-****-****-**** (Aladdin EToken PRO)
2020-10-23 00:30:01 GMT
tc-cast-client is running
 with:  host_key_4 = ****-****-****-**** (Aladdin EToken PRO)
2020-10-23 01:00:01 GMT
tc-cast-client is running
 with:  host_key_4 = ****-****-****-**** (Aladdin EToken PRO)
2020-10-23 01:30:01 GMT
tc-cast-client is running
 with:  host_key_4 = ****-****-****-**** (Aladdin EToken PRO)
2020-10-23 02:00:01 GMT
tc-cast-client is running
 with:  host_key_4 = ****-****-****-**** (Aladdin EToken PRO)
2020-10-23 02:30:01 GMT
tc-cast-client is running
 with:  host_key_4 = ****-****-****-**** (Aladdin EToken PRO)
2020-10-23 03:00:01 GMT
tc-cast-client is running
 with:  host_key_4 = ****-****-****-**** (Aladdin EToken PRO)
2020-10-23 03:30:01 GMT
tc-cast-client is running
 with:  host_key_4 = ****-****-****-**** (Aladdin EToken PRO)
2020-10-23 04:00:01 GMT
tc-cast-client is running
 with:  host_key_4 = ****-****-****-**** (Aladdin EToken PRO)
2020-10-23 04:30:01 GMT
tc-cast-client is running
 with:  host_key_4 = ****-****-****-**** (Aladdin EToken PRO)
2020-10-23 05:00:01 GMT
tc-cast-client is running
 with:  host_key_4 = ****-****-****-**** (Aladdin EToken PRO)
2020-10-23 05:30:01 GMT
tc-cast-client is running
 with:  host_key_4 = ****-****-****-**** (Aladdin EToken PRO)
2020-10-23 06:00:01 GMT
tc-cast-client is running
 with:  host_key_4 = ****-****-****-**** (Aladdin EToken PRO)
2020-10-23 06:30:01 GMT
tc-cast-client is running
 with:  host_key_4 = ****-****-****-**** (Aladdin EToken PRO)
2020-10-23 07:00:01 GMT
tc-cast-client is running
 with:  host_key_4 = ****-****-****-**** (Aladdin EToken PRO)
2020-10-23 07:30:01 GMT
tc-cast-client is running
 with:  host_key_4 = ****-****-****-**** (Aladdin EToken PRO)
2020-10-23 08:00:01 GMT
tc-cast-client is running
 with:  host_key_4 = ****-****-****-**** (Aladdin EToken PRO)
2020-10-23 08:30:01 GMT
tc-cast-client is running
 with:  host_key_4 = ****-****-****-**** (Aladdin EToken PRO)
2020-10-23 09:00:01 GMT
tc-cast-client is running
 with:  host_key_4 = ****-****-****-**** (Aladdin EToken PRO)
2020-10-23 09:30:01 GMT
tc-cast-client is running
 with:  host_key_4 = ****-****-****-**** (Aladdin EToken PRO)
2020-10-23 10:00:01 GMT
tc-cast-client is running
 with:  host_key_4 = ****-****-****-**** (Aladdin EToken PRO)
2020-10-23 10:30:01 GMT
tc-cast-client is running
 with:  host_key_4 = ****-****-****-**** (Aladdin EToken PRO)
2020-10-23 11:00:02 GMT
tc-cast-client is running
 with:  host_key_4 = ****-****-****-**** (Aladdin EToken PRO)
2020-10-23 11:30:01 GMT
tc-cast-client is running
 with:  host_key_4 = ****-****-****-**** (Aladdin EToken PRO)
2020-10-23 12:00:01 GMT
tc-cast-client is running
 with:  host_key_4 = ****-****-****-**** (Aladdin EToken PRO)
2020-10-23 12:30:01 GMT
tc-cast-client is running
     ... but without license, host_key_3 = 0000-b42e-9987-9f73
Try to fix it by restarting tc-cast-client
Ok, Fixed it:  host_key_4 = ****-****-****-**** (Aladdin EToken PRO)
2020-10-23 13:00:01 GMT
tc-cast-client is running
 with:  host_key_4 = ****-****-****-**** (Aladdin EToken PRO)
2020-10-23 13:30:01 GMT
tc-cast-client is running
 with:  host_key_4 = ****-****-****-**** (Aladdin EToken PRO)
2020-10-23 14:00:01 GMT
tc-cast-client is running
 with:  host_key_4 = ****-****-****-**** (Aladdin EToken PRO)
2020-10-23 14:30:01 GMT
tc-cast-client is running
 with:  host_key_4 = ****-****-****-**** (Aladdin EToken PRO)
2020-10-23 15:00:01 GMT
tc-cast-client is running
 with:  host_key_4 = ****-****-****-**** (Aladdin EToken PRO)
2020-10-23 15:30:01 GMT
tc-cast-client is running
 with:  host_key_4 = ****-****-****-**** (Aladdin EToken PRO)
2020-10-23 16:00:01 GMT
tc-cast-client is running
 with:  host_key_4 = ****-****-****-**** (Aladdin EToken PRO)
